<?xml version="1.0" encoding="UTF-8"?>
<!-- Generated by org.testng.reporters.JUnitXMLReporter -->
<testsuite ignored="0" hostname="DESKTOP-PE0VDKC" failures="0" tests="4" name="Default test" time="42.902" errors="0" timestamp="2023-12-30T10:24:36 IST">
  <testcase classname="testCases.Cart_Page_Test" name="verifyCartPageLableTest" time="1.666"/>
  <testcase classname="testCases.Cart_Page_Test" name="verifyCartPageUrlTest" time="0.083"/>
  <testcase classname="testCases.Cart_Page_Test" name="verifyClickOnCheckOutBtnTest" time="0.225"/>
  <testcase classname="testCases.Cart_Page_Test" name="verifyContinueShoppingBtnTest" time="0.236"/>
</testsuite> <!-- Default test -->
