<?xml version="1.0" encoding="UTF-8"?>
<!-- Generated by org.testng.reporters.JUnitXMLReporter -->
<testsuite ignored="8" hostname="DESKTOP-PE0VDKC" failures="0" tests="7" name="Sanity_Retesting_Regression_Test" time="64.419" errors="0" timestamp="2023-12-29T23:42:41 IST">
  <testcase classname="testCases.Cart_Page_Test" name="verifyCartPageLableTest" time="1.579"/>
  <testcase classname="testCases.Cart_Page_Test" name="verifyContinueShoppingBtnTest" time="0.192"/>
  <testcase classname="testCases.inventory_Page_Test" name="verifyFacebookLogoTest" time="0.077"/>
  <testcase classname="testCases.inventory_Page_Test" name="verifyFotterTextTest" time="0.125"/>
  <testcase classname="testCases.inventory_Page_Test" name="verifyLinkedInLogoTest" time="0.059"/>
  <testcase classname="testCases.inventory_Page_Test" name="verifyTwitterLogoTest" time="0.067"/>
  <testcase classname="testCases.LoginPageTest" name="verifyUrlOfApplicationTest" time="0.066"/>
  <testcase classname="testCases.LoginPageTest" name="verifyTitleOfApplicationTest" time="0.0">
    <ignored/>
  </testcase> <!-- verifyTitleOfApplicationTest -->
  <testcase classname="testCases.Cart_Page_Test" name="verifyClickOnCheckOutBtnTest" time="0.0">
    <ignored/>
  </testcase> <!-- verifyClickOnCheckOutBtnTest -->
  <testcase classname="testCases.Cart_Page_Test" name="verifyCartPageUrlTest" time="0.0">
    <ignored/>
  </testcase> <!-- verifyCartPageUrlTest -->
  <testcase classname="testCases.inventory_Page_Test" name="verifyProductLableTest" time="0.0">
    <ignored/>
  </testcase> <!-- verifyProductLableTest -->
  <testcase classname="testCases.inventory_Page_Test" name="remove2ProductTest" time="0.0">
    <ignored/>
  </testcase> <!-- remove2ProductTest -->
  <testcase classname="testCases.LoginPageTest" name="LoginToApplicationTest" time="0.0">
    <ignored/>
  </testcase> <!-- LoginToApplicationTest -->
  <testcase classname="testCases.inventory_Page_Test" name="ClickOnCartIconTest" time="0.0">
    <ignored/>
  </testcase> <!-- ClickOnCartIconTest -->
  <testcase classname="testCases.inventory_Page_Test" name="add6ProductTest" time="0.0">
    <ignored/>
  </testcase> <!-- add6ProductTest -->
</testsuite> <!-- Sanity_Retesting_Regression_Test -->
