<?xml version="1.0" encoding="UTF-8"?>
<!-- Generated by org.testng.reporters.JUnitXMLReporter -->
<testsuite ignored="7" hostname="DESKTOP-PE0VDKC" failures="0" tests="4" name="Login_inventory_Test(failed)" time="36.264" errors="0" timestamp="2023-12-23T14:04:30 IST">
  <testcase classname="testCases.LoginPageTest" name="LoginToApplicationTest" time="2.164"/>
  <testcase classname="testCases.LoginPageTest" name="verifyUrlOfApplicationTest" time="0.091"/>
  <testcase classname="testCases.inventory_Page_Test" name="remove2ProductTest" time="1.139"/>
  <testcase classname="testCases.inventory_Page_Test" name="verifyProductLableTest" time="0.111"/>
  <testcase classname="testCases.LoginPageTest" name="verifyTitleOfApplicationTest" time="0.0">
    <ignored/>
  </testcase> <!-- verifyTitleOfApplicationTest -->
  <testcase classname="testCases.inventory_Page_Test" name="verifyLinkedInLogoTest" time="0.0">
    <ignored/>
  </testcase> <!-- verifyLinkedInLogoTest -->
  <testcase classname="testCases.inventory_Page_Test" name="verifyFacebookLogoTest" time="0.0">
    <ignored/>
  </testcase> <!-- verifyFacebookLogoTest -->
  <testcase classname="testCases.inventory_Page_Test" name="add6ProductTest" time="0.0">
    <ignored/>
  </testcase> <!-- add6ProductTest -->
  <testcase classname="testCases.inventory_Page_Test" name="verifyFotterTextTest" time="0.0">
    <ignored/>
  </testcase> <!-- verifyFotterTextTest -->
  <testcase classname="testCases.inventory_Page_Test" name="ClickOnCartIconTest" time="0.0">
    <ignored/>
  </testcase> <!-- ClickOnCartIconTest -->
  <testcase classname="testCases.inventory_Page_Test" name="verifyTwitterLogoTest" time="0.0">
    <ignored/>
  </testcase> <!-- verifyTwitterLogoTest -->
</testsuite> <!-- Login_inventory_Test(failed) -->
