<?xml version="1.0" encoding="UTF-8"?>
<!-- Generated by org.testng.reporters.JUnitXMLReporter -->
<testsuite ignored="0" hostname="DESKTOP-PE0VDKC" failures="0" tests="11" name="Login_inventory_Test" time="86.916" errors="0" timestamp="2023-12-23T14:02:41 IST">
  <testcase classname="testCases.inventory_Page_Test" name="ClickOnCartIconTest" time="1.054"/>
  <testcase classname="testCases.inventory_Page_Test" name="add6ProductTest" time="0.61"/>
  <testcase classname="testCases.inventory_Page_Test" name="remove2ProductTest" time="0.737"/>
  <testcase classname="testCases.inventory_Page_Test" name="verifyFacebookLogoTest" time="0.05"/>
  <testcase classname="testCases.inventory_Page_Test" name="verifyFotterTextTest" time="0.075"/>
  <testcase classname="testCases.inventory_Page_Test" name="verifyLinkedInLogoTest" time="0.038"/>
  <testcase classname="testCases.inventory_Page_Test" name="verifyProductLableTest" time="0.062"/>
  <testcase classname="testCases.inventory_Page_Test" name="verifyTwitterLogoTest" time="0.064"/>
  <testcase classname="testCases.LoginPageTest" name="LoginToApplicationTest" time="0.595"/>
  <testcase classname="testCases.LoginPageTest" name="verifyTitleOfApplicationTest" time="0.065"/>
  <testcase classname="testCases.LoginPageTest" name="verifyUrlOfApplicationTest" time="0.044"/>
</testsuite> <!-- Login_inventory_Test -->
