<?xml version="1.0" encoding="UTF-8"?>
<!-- Generated by org.testng.reporters.JUnitReportReporter -->
<testsuite hostname="DESKTOP-PE0VDKC" failures="0" tests="4" name="testCases.inventory_Page_Test" time="33.529" errors="0" timestamp="2023-12-29T23:42:42 IST" skipped="0">
  <testcase classname="testCases.inventory_Page_Test" name="verifyFotterTextTest" time="8.299"/>
  <system-out>
    <![CDATA[we get expected text in fotter=© 2023 Sauce Labs. All Rights Reserved. Terms of Service | Privacy Policy]]>
  </system-out>
  <testcase classname="testCases.inventory_Page_Test" name="verifyLinkedInLogoTest" time="8.320"/>
  <system-out>
    <![CDATA[the LinkedIn Logo is displayed on the webpage=true]]>
  </system-out>
  <testcase classname="testCases.inventory_Page_Test" name="verifyTwitterLogoTest" time="8.893"/>
  <system-out>
    <![CDATA[the Twitter Logo is displayed on the webpage=true]]>
  </system-out>
  <testcase classname="testCases.inventory_Page_Test" name="verifyFacebookLogoTest" time="8.017"/>
  <system-out>
    <![CDATA[the facebook logo is displayed on the webpage=true]]>
  </system-out>
</testsuite> <!-- testCases.inventory_Page_Test -->
